c:\users\codel\documents\visual studio 2017\projects\mariobros\mariobros\debug\vc141.pdb
c:\users\codel\documents\visual studio 2017\projects\mariobros\mariobros\debug\vc141.idb
c:\users\codel\documents\visual studio 2017\projects\mariobros\mariobros\debug\texture2d.obj
c:\users\codel\documents\visual studio 2017\projects\mariobros\mariobros\debug\text.obj
c:\users\codel\documents\visual studio 2017\projects\mariobros\mariobros\debug\statemanager.obj
c:\users\codel\documents\visual studio 2017\projects\mariobros\mariobros\debug\spritesheet.obj
c:\users\codel\documents\visual studio 2017\projects\mariobros\mariobros\debug\powblock.obj
c:\users\codel\documents\visual studio 2017\projects\mariobros\mariobros\debug\player.obj
c:\users\codel\documents\visual studio 2017\projects\mariobros\mariobros\debug\pipe.obj
c:\users\codel\documents\visual studio 2017\projects\mariobros\mariobros\debug\main.obj
c:\users\codel\documents\visual studio 2017\projects\mariobros\mariobros\debug\levelmap.obj
c:\users\codel\documents\visual studio 2017\projects\mariobros\mariobros\debug\level1.obj
c:\users\codel\documents\visual studio 2017\projects\mariobros\mariobros\debug\entitymanager.obj
c:\users\codel\documents\visual studio 2017\projects\mariobros\mariobros\debug\entity.obj
c:\users\codel\documents\visual studio 2017\projects\mariobros\mariobros\debug\collision.obj
c:\users\codel\documents\visual studio 2017\projects\mariobros\mariobros\debug\enemy.obj
c:\users\codel\documents\visual studio 2017\projects\mariobros\mariobros\debug\movingentity.obj
c:\users\codel\documents\visual studio 2017\projects\mariobros\mariobros\debug\camera.obj
c:\users\codel\documents\visual studio 2017\projects\mariobros\mariobros\debug\block.obj
c:\users\codel\documents\visual studio 2017\projects\mariobros\mariobros\debug\animationhandler.obj
c:\users\codel\documents\visual studio 2017\projects\mariobros\mariobros\debug\animation.obj
c:\users\codel\documents\visual studio 2017\projects\mariobros\mariobros\debug\level.obj
c:\users\codel\documents\visual studio 2017\projects\mariobros\mariobros\debug\titlescreen.obj
c:\users\codel\documents\visual studio 2017\projects\mariobros\mariobros\debug\audio.obj
d:\visual studio projects\2017\mariobros\mariobros\debug\vc142.pdb
d:\visual studio projects\2017\mariobros\mariobros\debug\vc142.idb
d:\visual studio projects\2017\mariobros\mariobros\debug\animation.obj
c:\users\codel\documents\visual studio 2017\projects\mariobros\debug\mariobros.ilk
c:\users\codel\documents\visual studio 2017\projects\mariobros\debug\mariobros.exe
c:\users\codel\documents\visual studio 2017\projects\mariobros\debug\mariobros.pdb
d:\visual studio projects\2017\mariobros\mariobros\debug\animationhandler.obj
d:\visual studio projects\2017\mariobros\mariobros\debug\audio.obj
d:\visual studio projects\2017\mariobros\mariobros\debug\block.obj
d:\visual studio projects\2017\mariobros\mariobros\debug\camera.obj
d:\visual studio projects\2017\mariobros\mariobros\debug\character.obj
d:\visual studio projects\2017\mariobros\mariobros\debug\characterkoopa.obj
d:\visual studio projects\2017\mariobros\mariobros\debug\collision.obj
d:\visual studio projects\2017\mariobros\mariobros\debug\enemy.obj
d:\visual studio projects\2017\mariobros\mariobros\debug\entity.obj
d:\visual studio projects\2017\mariobros\mariobros\debug\entitymanager.obj
d:\visual studio projects\2017\mariobros\mariobros\debug\gamescreen.obj
d:\visual studio projects\2017\mariobros\mariobros\debug\gamescreenlevel1.obj
d:\visual studio projects\2017\mariobros\mariobros\debug\level.obj
d:\visual studio projects\2017\mariobros\mariobros\debug\level1.obj
d:\visual studio projects\2017\mariobros\mariobros\debug\levelmap.obj
d:\visual studio projects\2017\mariobros\mariobros\debug\main.obj
d:\visual studio projects\2017\mariobros\mariobros\debug\movingentity.obj
d:\visual studio projects\2017\mariobros\mariobros\debug\pipe.obj
d:\visual studio projects\2017\mariobros\mariobros\debug\player.obj
d:\visual studio projects\2017\mariobros\mariobros\debug\powblock.obj
d:\visual studio projects\2017\mariobros\mariobros\debug\spritesheet.obj
d:\visual studio projects\2017\mariobros\mariobros\debug\statemanager.obj
d:\visual studio projects\2017\mariobros\mariobros\debug\text.obj
d:\visual studio projects\2017\mariobros\mariobros\debug\texture2d.obj
d:\visual studio projects\2017\mariobros\mariobros\debug\titlescreen.obj
d:\visual studio projects\2017\mariobros\mariobros\debug\vc141.idb
d:\visual studio projects\2017\mariobros\mariobros\debug\vc141.pdb
d:\visual studio projects\2017\mariobros\debug\mariobros.pdb
d:\visual studio projects\2017\mariobros\debug\mariobros.exe
d:\visual studio projects\2017\mariobros\debug\mariobros.ilk
d:\visual studio projects\2017\mariobros\mariobros\debug\mariobros.tlog\cl.command.1.tlog
d:\visual studio projects\2017\mariobros\mariobros\debug\mariobros.tlog\cl.read.1.tlog
d:\visual studio projects\2017\mariobros\mariobros\debug\mariobros.tlog\cl.write.1.tlog
d:\visual studio projects\2017\mariobros\mariobros\debug\mariobros.tlog\link.command.1.tlog
d:\visual studio projects\2017\mariobros\mariobros\debug\mariobros.tlog\link.read.1.tlog
d:\visual studio projects\2017\mariobros\mariobros\debug\mariobros.tlog\link.write.1.tlog
