  Animation.cpp
D:\Visual Studio Projects\2017\MarioBros\MarioBros\Commons.h(39,17): warning C4244: '=': conversion from 'float' to 'int', possible loss of data
D:\Visual Studio Projects\2017\MarioBros\MarioBros\Commons.h(40,18): warning C4244: '=': conversion from 'float' to 'int', possible loss of data
  AnimationHandler.cpp
D:\Visual Studio Projects\2017\MarioBros\MarioBros\Commons.h(39,17): warning C4244: '=': conversion from 'float' to 'int', possible loss of data
D:\Visual Studio Projects\2017\MarioBros\MarioBros\Commons.h(40,18): warning C4244: '=': conversion from 'float' to 'int', possible loss of data
D:\Visual Studio Projects\2017\MarioBros\MarioBros\AnimationHandler.cpp(46,20): warning C4018: '>=': signed/unsigned mismatch
  Audio.cpp
D:\Visual Studio Projects\2017\MarioBros\MarioBros\Audio.cpp(32,16): warning C4150: deletion of pointer to incomplete type '_Mix_Music'; no destructor called
D:\Visual Studio Projects\2017\MarioBros\MarioBros\SDL\mixer_include\SDL_mixer.h(131): message : see declaration of '_Mix_Music'
  Block.cpp
D:\Visual Studio Projects\2017\MarioBros\MarioBros\Commons.h(39,17): warning C4244: '=': conversion from 'float' to 'int', possible loss of data
D:\Visual Studio Projects\2017\MarioBros\MarioBros\Commons.h(40,18): warning C4244: '=': conversion from 'float' to 'int', possible loss of data
D:\Visual Studio Projects\2017\MarioBros\MarioBros\Block.cpp(48,21): warning C4018: '<': signed/unsigned mismatch
  MovingEntity.cpp
D:\Visual Studio Projects\2017\MarioBros\MarioBros\Commons.h(39,17): warning C4244: '=': conversion from 'float' to 'int', possible loss of data
D:\Visual Studio Projects\2017\MarioBros\MarioBros\Commons.h(40,18): warning C4244: '=': conversion from 'float' to 'int', possible loss of data
  Enemy.cpp
D:\Visual Studio Projects\2017\MarioBros\MarioBros\Commons.h(39,17): warning C4244: '=': conversion from 'float' to 'int', possible loss of data
D:\Visual Studio Projects\2017\MarioBros\MarioBros\Commons.h(40,18): warning C4244: '=': conversion from 'float' to 'int', possible loss of data
D:\Visual Studio Projects\2017\MarioBros\MarioBros\Enemy.cpp(122,21): warning C4018: '<': signed/unsigned mismatch
  Collision.cpp
D:\Visual Studio Projects\2017\MarioBros\MarioBros\Commons.h(39,17): warning C4244: '=': conversion from 'float' to 'int', possible loss of data
D:\Visual Studio Projects\2017\MarioBros\MarioBros\Commons.h(40,18): warning C4244: '=': conversion from 'float' to 'int', possible loss of data
D:\Visual Studio Projects\2017\MarioBros\MarioBros\Collision.cpp(13,24): warning C4244: '=': conversion from 'float' to 'int', possible loss of data
D:\Visual Studio Projects\2017\MarioBros\MarioBros\Collision.cpp(14,24): warning C4244: '=': conversion from 'float' to 'int', possible loss of data
D:\Visual Studio Projects\2017\MarioBros\MarioBros\Collision.cpp(30,21): warning C4018: '<': signed/unsigned mismatch
D:\Visual Studio Projects\2017\MarioBros\MarioBros\Collision.cpp(56,21): warning C4018: '<': signed/unsigned mismatch
  Entity.cpp
D:\Visual Studio Projects\2017\MarioBros\MarioBros\Commons.h(39,17): warning C4244: '=': conversion from 'float' to 'int', possible loss of data
D:\Visual Studio Projects\2017\MarioBros\MarioBros\Commons.h(40,18): warning C4244: '=': conversion from 'float' to 'int', possible loss of data
D:\Visual Studio Projects\2017\MarioBros\MarioBros\Entity.cpp(59,22): warning C4244: '=': conversion from 'int' to 'float', possible loss of data
D:\Visual Studio Projects\2017\MarioBros\MarioBros\Entity.cpp(60,23): warning C4244: '=': conversion from 'int' to 'float', possible loss of data
D:\Visual Studio Projects\2017\MarioBros\MarioBros\Entity.cpp(71,74): warning C4244: 'argument': conversion from 'int' to 'float', possible loss of data
D:\Visual Studio Projects\2017\MarioBros\MarioBros\Entity.cpp(71,60): warning C4244: 'argument': conversion from 'int' to 'float', possible loss of data
  EntityManager.cpp
D:\Visual Studio Projects\2017\MarioBros\MarioBros\Commons.h(39,17): warning C4244: '=': conversion from 'float' to 'int', possible loss of data
D:\Visual Studio Projects\2017\MarioBros\MarioBros\Commons.h(40,18): warning C4244: '=': conversion from 'float' to 'int', possible loss of data
D:\Visual Studio Projects\2017\MarioBros\MarioBros\EntityManager.cpp(8,12): warning C4244: 'argument': conversion from 'time_t' to 'unsigned int', possible loss of data
D:\Visual Studio Projects\2017\MarioBros\MarioBros\EntityManager.cpp(36,19): warning C4018: '<': signed/unsigned mismatch
D:\Visual Studio Projects\2017\MarioBros\MarioBros\EntityManager.cpp(128,20): warning C4018: '<': signed/unsigned mismatch
  Level.cpp
D:\Visual Studio Projects\2017\MarioBros\MarioBros\Commons.h(39,17): warning C4244: '=': conversion from 'float' to 'int', possible loss of data
D:\Visual Studio Projects\2017\MarioBros\MarioBros\Commons.h(40,18): warning C4244: '=': conversion from 'float' to 'int', possible loss of data
  LevelMap.cpp
D:\Visual Studio Projects\2017\MarioBros\MarioBros\Commons.h(39,17): warning C4244: '=': conversion from 'float' to 'int', possible loss of data
D:\Visual Studio Projects\2017\MarioBros\MarioBros\Commons.h(40,18): warning C4244: '=': conversion from 'float' to 'int', possible loss of data
D:\Visual Studio Projects\2017\MarioBros\MarioBros\LevelMap.cpp(89,35): warning C4244: 'argument': conversion from 'int' to 'float', possible loss of data
D:\Visual Studio Projects\2017\MarioBros\MarioBros\LevelMap.cpp(89,32): warning C4244: 'argument': conversion from 'int' to 'float', possible loss of data
D:\Visual Studio Projects\2017\MarioBros\MarioBros\LevelMap.cpp(93,38): warning C4244: 'argument': conversion from 'int' to 'float', possible loss of data
D:\Visual Studio Projects\2017\MarioBros\MarioBros\LevelMap.cpp(93,35): warning C4244: 'argument': conversion from 'int' to 'float', possible loss of data
D:\Visual Studio Projects\2017\MarioBros\MarioBros\LevelMap.cpp(98,34): warning C4244: 'argument': conversion from 'int' to 'float', possible loss of data
D:\Visual Studio Projects\2017\MarioBros\MarioBros\LevelMap.cpp(98,31): warning C4244: 'argument': conversion from 'int' to 'float', possible loss of data
D:\Visual Studio Projects\2017\MarioBros\MarioBros\LevelMap.cpp(103,34): warning C4244: 'argument': conversion from 'int' to 'float', possible loss of data
D:\Visual Studio Projects\2017\MarioBros\MarioBros\LevelMap.cpp(103,31): warning C4244: 'argument': conversion from 'int' to 'float', possible loss of data
D:\Visual Studio Projects\2017\MarioBros\MarioBros\LevelMap.cpp(108,34): warning C4244: 'argument': conversion from 'int' to 'float', possible loss of data
D:\Visual Studio Projects\2017\MarioBros\MarioBros\LevelMap.cpp(108,31): warning C4244: 'argument': conversion from 'int' to 'float', possible loss of data
D:\Visual Studio Projects\2017\MarioBros\MarioBros\LevelMap.cpp(113,34): warning C4244: 'argument': conversion from 'int' to 'float', possible loss of data
D:\Visual Studio Projects\2017\MarioBros\MarioBros\LevelMap.cpp(113,31): warning C4244: 'argument': conversion from 'int' to 'float', possible loss of data
D:\Visual Studio Projects\2017\MarioBros\MarioBros\LevelMap.cpp(118,36): warning C4244: 'argument': conversion from 'int' to 'float', possible loss of data
D:\Visual Studio Projects\2017\MarioBros\MarioBros\LevelMap.cpp(118,33): warning C4244: 'argument': conversion from 'int' to 'float', possible loss of data
  main.cpp
D:\Visual Studio Projects\2017\MarioBros\MarioBros\Commons.h(39,17): warning C4244: '=': conversion from 'float' to 'int', possible loss of data
D:\Visual Studio Projects\2017\MarioBros\MarioBros\Commons.h(40,18): warning C4244: '=': conversion from 'float' to 'int', possible loss of data
D:\Visual Studio Projects\2017\MarioBros\MarioBros\main.cpp(25,12): warning C4244: 'argument': conversion from 'time_t' to 'unsigned int', possible loss of data
  Pipe.cpp
D:\Visual Studio Projects\2017\MarioBros\MarioBros\Commons.h(39,17): warning C4244: '=': conversion from 'float' to 'int', possible loss of data
D:\Visual Studio Projects\2017\MarioBros\MarioBros\Commons.h(40,18): warning C4244: '=': conversion from 'float' to 'int', possible loss of data
D:\Visual Studio Projects\2017\MarioBros\MarioBros\Pipe.cpp(57,21): warning C4018: '<': signed/unsigned mismatch
  Player.cpp
D:\Visual Studio Projects\2017\MarioBros\MarioBros\Commons.h(39,17): warning C4244: '=': conversion from 'float' to 'int', possible loss of data
D:\Visual Studio Projects\2017\MarioBros\MarioBros\Commons.h(40,18): warning C4244: '=': conversion from 'float' to 'int', possible loss of data
D:\Visual Studio Projects\2017\MarioBros\MarioBros\Player.cpp(124,21): warning C4018: '<': signed/unsigned mismatch
  PowBlock.cpp
D:\Visual Studio Projects\2017\MarioBros\MarioBros\Commons.h(39,17): warning C4244: '=': conversion from 'float' to 'int', possible loss of data
D:\Visual Studio Projects\2017\MarioBros\MarioBros\Commons.h(40,18): warning C4244: '=': conversion from 'float' to 'int', possible loss of data
D:\Visual Studio Projects\2017\MarioBros\MarioBros\PowBlock.cpp(41,20): warning C4018: '<': signed/unsigned mismatch
  SpriteSheet.cpp
D:\Visual Studio Projects\2017\MarioBros\MarioBros\Commons.h(39,17): warning C4244: '=': conversion from 'float' to 'int', possible loss of data
D:\Visual Studio Projects\2017\MarioBros\MarioBros\Commons.h(40,18): warning C4244: '=': conversion from 'float' to 'int', possible loss of data
D:\Visual Studio Projects\2017\MarioBros\MarioBros\SpriteSheet.cpp(30,51): warning C4244: 'argument': conversion from 'int' to 'float', possible loss of data
D:\Visual Studio Projects\2017\MarioBros\MarioBros\SpriteSheet.cpp(30,44): warning C4244: 'argument': conversion from 'int' to 'float', possible loss of data
D:\Visual Studio Projects\2017\MarioBros\MarioBros\SpriteSheet.cpp(30,34): warning C4244: 'argument': conversion from 'int' to 'float', possible loss of data
D:\Visual Studio Projects\2017\MarioBros\MarioBros\SpriteSheet.cpp(30,23): warning C4244: 'argument': conversion from 'int' to 'float', possible loss of data
D:\Visual Studio Projects\2017\MarioBros\MarioBros\SpriteSheet.cpp(40,51): warning C4244: 'argument': conversion from 'int' to 'float', possible loss of data
D:\Visual Studio Projects\2017\MarioBros\MarioBros\SpriteSheet.cpp(40,44): warning C4244: 'argument': conversion from 'int' to 'float', possible loss of data
D:\Visual Studio Projects\2017\MarioBros\MarioBros\SpriteSheet.cpp(40,34): warning C4244: 'argument': conversion from 'int' to 'float', possible loss of data
D:\Visual Studio Projects\2017\MarioBros\MarioBros\SpriteSheet.cpp(40,23): warning C4244: 'argument': conversion from 'int' to 'float', possible loss of data
  StateManager.cpp
D:\Visual Studio Projects\2017\MarioBros\MarioBros\Commons.h(39,17): warning C4244: '=': conversion from 'float' to 'int', possible loss of data
D:\Visual Studio Projects\2017\MarioBros\MarioBros\Commons.h(40,18): warning C4244: '=': conversion from 'float' to 'int', possible loss of data
  Text.cpp
D:\Visual Studio Projects\2017\MarioBros\MarioBros\Commons.h(39,17): warning C4244: '=': conversion from 'float' to 'int', possible loss of data
D:\Visual Studio Projects\2017\MarioBros\MarioBros\Commons.h(40,18): warning C4244: '=': conversion from 'float' to 'int', possible loss of data
D:\Visual Studio Projects\2017\MarioBros\MarioBros\Text.cpp(30,27): warning C4244: '=': conversion from 'float' to 'int', possible loss of data
D:\Visual Studio Projects\2017\MarioBros\MarioBros\Text.cpp(31,27): warning C4244: '=': conversion from 'float' to 'int', possible loss of data
D:\Visual Studio Projects\2017\MarioBros\MarioBros\Text.cpp(52,31): warning C4244: '=': conversion from 'float' to 'int', possible loss of data
D:\Visual Studio Projects\2017\MarioBros\MarioBros\Text.cpp(53,31): warning C4244: '=': conversion from 'float' to 'int', possible loss of data
D:\Visual Studio Projects\2017\MarioBros\MarioBros\Text.cpp(66,31): warning C4244: '=': conversion from 'float' to 'int', possible loss of data
D:\Visual Studio Projects\2017\MarioBros\MarioBros\Text.cpp(67,31): warning C4244: '=': conversion from 'float' to 'int', possible loss of data
D:\Visual Studio Projects\2017\MarioBros\MarioBros\Text.cpp(81,22): warning C4244: '*=': conversion from 'float' to 'int', possible loss of data
D:\Visual Studio Projects\2017\MarioBros\MarioBros\Text.cpp(82,22): warning C4244: '*=': conversion from 'float' to 'int', possible loss of data
  Texture2D.cpp
D:\Visual Studio Projects\2017\MarioBros\MarioBros\Commons.h(39,17): warning C4244: '=': conversion from 'float' to 'int', possible loss of data
D:\Visual Studio Projects\2017\MarioBros\MarioBros\Commons.h(40,18): warning C4244: '=': conversion from 'float' to 'int', possible loss of data
D:\Visual Studio Projects\2017\MarioBros\MarioBros\Texture2D.cpp(63,38): warning C4838: conversion from 'float' to 'int' requires a narrowing conversion
D:\Visual Studio Projects\2017\MarioBros\MarioBros\Texture2D.cpp(63,38): warning C4244: 'initializing': conversion from 'float' to 'int', possible loss of data
D:\Visual Studio Projects\2017\MarioBros\MarioBros\Texture2D.cpp(63,50): warning C4838: conversion from 'float' to 'int' requires a narrowing conversion
D:\Visual Studio Projects\2017\MarioBros\MarioBros\Texture2D.cpp(63,50): warning C4244: 'initializing': conversion from 'float' to 'int', possible loss of data
D:\Visual Studio Projects\2017\MarioBros\MarioBros\Texture2D.cpp(81,37): warning C4838: conversion from 'float' to 'int' requires a narrowing conversion
D:\Visual Studio Projects\2017\MarioBros\MarioBros\Texture2D.cpp(81,37): warning C4244: 'initializing': conversion from 'float' to 'int', possible loss of data
D:\Visual Studio Projects\2017\MarioBros\MarioBros\Texture2D.cpp(81,48): warning C4838: conversion from 'float' to 'int' requires a narrowing conversion
D:\Visual Studio Projects\2017\MarioBros\MarioBros\Texture2D.cpp(81,48): warning C4244: 'initializing': conversion from 'float' to 'int', possible loss of data
D:\Visual Studio Projects\2017\MarioBros\MarioBros\Texture2D.cpp(82,38): warning C4838: conversion from 'float' to 'int' requires a narrowing conversion
D:\Visual Studio Projects\2017\MarioBros\MarioBros\Texture2D.cpp(82,38): warning C4244: 'initializing': conversion from 'float' to 'int', possible loss of data
D:\Visual Studio Projects\2017\MarioBros\MarioBros\Texture2D.cpp(82,50): warning C4838: conversion from 'float' to 'int' requires a narrowing conversion
D:\Visual Studio Projects\2017\MarioBros\MarioBros\Texture2D.cpp(82,50): warning C4244: 'initializing': conversion from 'float' to 'int', possible loss of data
  TitleScreen.cpp
D:\Visual Studio Projects\2017\MarioBros\MarioBros\Commons.h(39,17): warning C4244: '=': conversion from 'float' to 'int', possible loss of data
D:\Visual Studio Projects\2017\MarioBros\MarioBros\Commons.h(40,18): warning C4244: '=': conversion from 'float' to 'int', possible loss of data
D:\Visual Studio Projects\2017\MarioBros\MarioBros\TitleScreen.cpp(75,44): warning C4244: 'argument': conversion from 'int' to 'float', possible loss of data
  Generating Code...
  MarioBros.vcxproj -> D:\Visual Studio Projects\2017\MarioBros\Debug\MarioBros.exe
